VM5449:2 GET https://www.coursera.org/api/privilegedAuths.v1?q=me&fields=outsourcingPermissions 401 ()
(anonymous) @ VM5449:2
send @ loader.r.rjsBundle.9d3772e….6.js:18
ajax @ loader.r.rjsBundle.9d3772e….6.js:18
invoke @ startApp.sub.rjsBundle.c1ce735….6.js:219
t.get @ startApp.sub.rjsBundle.c1ce735….6.js:219
loadData @ startApp.sub.rjsBundle.c1ce735….6.js:629
(anonymous) @ startApp.sub.rjsBundle.c1ce735….6.js:630
loadDataForClients @ startApp.sub.rjsBundle.c1ce735….6.js:630
RubricPreviewLinkNaptimeConnector @ startApp.sub.rjsBundle.c1ce735….6.js:640
_constructComponentWithoutOwner @ loader.r.rjsBundle.9d3772e….6.js:24
_constructComponent @ loader.r.rjsBundle.9d3772e….6.js:24
mountComponent @ loader.r.rjsBundle.9d3772e….6.js:24
mountComponent @ loader.r.rjsBundle.9d3772e….6.js:26
mountChildren @ loader.r.rjsBundle.9d3772e….6.js:25
_createContentMarkup @ loader.r.rjsBundle.9d3772e….6.js:24
mountComponent @ loader.r.rjsBundle.9d3772e….6.js:24
mountComponent @ loader.r.rjsBundle.9d3772e….6.js:26
mountChildren @ loader.r.rjsBundle.9d3772e….6.js:25
_createContentMarkup @ loader.r.rjsBundle.9d3772e….6.js:24
mountComponent @ loader.r.rjsBundle.9d3772e….6.js:24
mountComponent @ loader.r.rjsBundle.9d3772e….6.js:26
mountChildren @ loader.r.rjsBundle.9d3772e….6.js:25
_createContentMarkup @ loader.r.rjsBundle.9d3772e….6.js:24
mountComponent @ loader.r.rjsBundle.9d3772e….6.js:24
mountComponent @ loader.r.rjsBundle.9d3772e….6.js:26
performInitialMount @ loader.r.rjsBundle.9d3772e….6.js:24
mountComponent @ loader.r.rjsBundle.9d3772e….6.js:24
mountComponent @ loader.r.rjsBundle.9d3772e….6.js:26
mountChildren @ loader.r.rjsBundle.9d3772e….6.js:25
_createContentMarkup @ loader.r.rjsBundle.9d3772e….6.js:24
mountComponent @ loader.r.rjsBundle.9d3772e….6.js:24
mountComponent @ loader.r.rjsBundle.9d3772e….6.js:26
mountChildren @ loader.r.rjsBundle.9d3772e….6.js:25
_createContentMarkup @ loader.r.rjsBundle.9d3772e….6.js:24
mountComponent @ loader.r.rjsBundle.9d3772e….6.js:24
mountComponent @ loader.r.rjsBundle.9d3772e….6.js:26
mountChildren @ loader.r.rjsBundle.9d3772e….6.js:25
_createContentMarkup @ loader.r.rjsBundle.9d3772e….6.js:24
mountComponent @ loader.r.rjsBundle.9d3772e….6.js:24
mountComponent @ loader.r.rjsBundle.9d3772e….6.js:26
mountChildren @ loader.r.rjsBundle.9d3772e….6.js:25
_createContentMarkup @ loader.r.rjsBundle.9d3772e….6.js:24
mountComponent @ loader.r.rjsBundle.9d3772e….6.js:24
mountComponent @ loader.r.rjsBundle.9d3772e….6.js:26
mountChildren @ loader.r.rjsBundle.9d3772e….6.js:25
_createContentMarkup @ loader.r.rjsBundle.9d3772e….6.js:24
mountComponent @ loader.r.rjsBundle.9d3772e….6.js:24
mountComponent @ loader.r.rjsBundle.9d3772e….6.js:26
mountChildren @ loader.r.rjsBundle.9d3772e….6.js:25
_createContentMarkup @ loader.r.rjsBundle.9d3772e….6.js:24
mountComponent @ loader.r.rjsBundle.9d3772e….6.js:24
mountComponent @ loader.r.rjsBundle.9d3772e….6.js:26
performInitialMount @ loader.r.rjsBundle.9d3772e….6.js:24
mountComponent @ loader.r.rjsBundle.9d3772e….6.js:24
mountComponent @ loader.r.rjsBundle.9d3772e….6.js:26
performInitialMount @ loader.r.rjsBundle.9d3772e….6.js:24
mountComponent @ loader.r.rjsBundle.9d3772e….6.js:24
mountComponent @ loader.r.rjsBundle.9d3772e….6.js:26
mountChildren @ loader.r.rjsBundle.9d3772e….6.js:25
_createContentMarkup @ loader.r.rjsBundle.9d3772e….6.js:24
mountComponent @ loader.r.rjsBundle.9d3772e….6.js:24
mountComponent @ loader.r.rjsBundle.9d3772e….6.js:26
performInitialMount @ loader.r.rjsBundle.9d3772e….6.js:24
mountComponent @ loader.r.rjsBundle.9d3772e….6.js:24
mountComponent @ loader.r.rjsBundle.9d3772e….6.js:26
performInitialMount @ loader.r.rjsBundle.9d3772e….6.js:24
mountComponent @ loader.r.rjsBundle.9d3772e….6.js:24
mountComponent @ loader.r.rjsBundle.9d3772e….6.js:26
mountChildren @ loader.r.rjsBundle.9d3772e….6.js:25
_createContentMarkup @ loader.r.rjsBundle.9d3772e….6.js:24
mountComponent @ loader.r.rjsBundle.9d3772e….6.js:24
mountComponent @ loader.r.rjsBundle.9d3772e….6.js:26
performInitialMount @ loader.r.rjsBundle.9d3772e….6.js:24
mountComponent @ loader.r.rjsBundle.9d3772e….6.js:24
mountComponent @ loader.r.rjsBundle.9d3772e….6.js:26
performInitialMount @ loader.r.rjsBundle.9d3772e….6.js:24
mountComponent @ loader.r.rjsBundle.9d3772e….6.js:24
mountComponent @ loader.r.rjsBundle.9d3772e….6.js:26
performInitialMount @ loader.r.rjsBundle.9d3772e….6.js:24
mountComponent @ loader.r.rjsBundle.9d3772e….6.js:24
mountComponent @ loader.r.rjsBundle.9d3772e….6.js:26
performInitialMount @ loader.r.rjsBundle.9d3772e….6.js:24
mountComponent @ loader.r.rjsBundle.9d3772e….6.js:24
mountComponent @ loader.r.rjsBundle.9d3772e….6.js:26
performInitialMount @ loader.r.rjsBundle.9d3772e….6.js:24
mountComponent @ loader.r.rjsBundle.9d3772e….6.js:24
mountComponent @ loader.r.rjsBundle.9d3772e….6.js:26
performInitialMount @ loader.r.rjsBundle.9d3772e….6.js:24
mountComponent @ loader.r.rjsBundle.9d3772e….6.js:24
mountComponent @ loader.r.rjsBundle.9d3772e….6.js:26
performInitialMount @ loader.r.rjsBundle.9d3772e….6.js:24
mountComponent @ loader.r.rjsBundle.9d3772e….6.js:24
mountComponent @ loader.r.rjsBundle.9d3772e….6.js:26
performInitialMount @ loader.r.rjsBundle.9d3772e….6.js:24
mountComponent @ loader.r.rjsBundle.9d3772e….6.js:24
mountComponent @ loader.r.rjsBundle.9d3772e….6.js:26
mountChildren @ loader.r.rjsBundle.9d3772e….6.js:25
_createContentMarkup @ loader.r.rjsBundle.9d3772e….6.js:24
mountComponent @ loader.r.rjsBundle.9d3772e….6.js:24
mountComponent @ loader.r.rjsBundle.9d3772e….6.js:26
mountChildren @ loader.r.rjsBundle.9d3772e….6.js:25
_createContentMarkup @ loader.r.rjsBundle.9d3772e….6.js:24
mountComponent @ loader.r.rjsBundle.9d3772e….6.js:24
mountComponent @ loader.r.rjsBundle.9d3772e….6.js:26
performInitialMount @ loader.r.rjsBundle.9d3772e….6.js:24
mountComponent @ loader.r.rjsBundle.9d3772e….6.js:24
mountComponent @ loader.r.rjsBundle.9d3772e….6.js:26
performInitialMount @ loader.r.rjsBundle.9d3772e….6.js:24
mountComponent @ loader.r.rjsBundle.9d3772e….6.js:24
mountComponent @ loader.r.rjsBundle.9d3772e….6.js:26
performInitialMount @ loader.r.rjsBundle.9d3772e….6.js:24
mountComponent @ loader.r.rjsBundle.9d3772e….6.js:24
mountComponent @ loader.r.rjsBundle.9d3772e….6.js:26
performInitialMount @ loader.r.rjsBundle.9d3772e….6.js:24
mountComponent @ loader.r.rjsBundle.9d3772e….6.js:24
mountComponent @ loader.r.rjsBundle.9d3772e….6.js:26
performInitialMount @ loader.r.rjsBundle.9d3772e….6.js:24
mountComponent @ loader.r.rjsBundle.9d3772e….6.js:24
mountComponent @ loader.r.rjsBundle.9d3772e….6.js:26
performInitialMount @ loader.r.rjsBundle.9d3772e….6.js:24
mountComponent @ loader.r.rjsBundle.9d3772e….6.js:24
mountComponent @ loader.r.rjsBundle.9d3772e….6.js:26
performInitialMount @ loader.r.rjsBundle.9d3772e….6.js:24
mountComponent @ loader.r.rjsBundle.9d3772e….6.js:24
mountComponent @ loader.r.rjsBundle.9d3772e….6.js:26
mountChildren @ loader.r.rjsBundle.9d3772e….6.js:25
_createContentMarkup @ loader.r.rjsBundle.9d3772e….6.js:24
mountComponent @ loader.r.rjsBundle.9d3772e….6.js:24
mountComponent @ loader.r.rjsBundle.9d3772e….6.js:26
performInitialMount @ loader.r.rjsBundle.9d3772e….6.js:24
mountComponent @ loader.r.rjsBundle.9d3772e….6.js:24
mountComponent @ loader.r.rjsBundle.9d3772e….6.js:26
performInitialMount @ loader.r.rjsBundle.9d3772e….6.js:24
mountComponent @ loader.r.rjsBundle.9d3772e….6.js:24
mountComponent @ loader.r.rjsBundle.9d3772e….6.js:26
performInitialMount @ loader.r.rjsBundle.9d3772e….6.js:24
mountComponent @ loader.r.rjsBundle.9d3772e….6.js:24
mountComponent @ loader.r.rjsBundle.9d3772e….6.js:26
performInitialMount @ loader.r.rjsBundle.9d3772e….6.js:24
mountComponent @ loader.r.rjsBundle.9d3772e….6.js:24
mountComponent @ loader.r.rjsBundle.9d3772e….6.js:26
performInitialMount @ loader.r.rjsBundle.9d3772e….6.js:24
mountComponent @ loader.r.rjsBundle.9d3772e….6.js:24
mountComponent @ loader.r.rjsBundle.9d3772e….6.js:26
performInitialMount @ loader.r.rjsBundle.9d3772e….6.js:24
mountComponent @ loader.r.rjsBundle.9d3772e….6.js:24
mountComponent @ loader.r.rjsBundle.9d3772e….6.js:26
performInitialMount @ loader.r.rjsBundle.9d3772e….6.js:24
mountComponent @ loader.r.rjsBundle.9d3772e….6.js:24
mountComponent @ loader.r.rjsBundle.9d3772e….6.js:26
performInitialMount @ loader.r.rjsBundle.9d3772e….6.js:24
mountComponent @ loader.r.rjsBundle.9d3772e….6.js:24
mountComponent @ loader.r.rjsBundle.9d3772e….6.js:26
performInitialMount @ loader.r.rjsBundle.9d3772e….6.js:24
mountComponent @ loader.r.rjsBundle.9d3772e….6.js:24
mountComponent @ loader.r.rjsBundle.9d3772e….6.js:26
performInitialMount @ loader.r.rjsBundle.9d3772e….6.js:24
mountComponent @ loader.r.rjsBundle.9d3772e….6.js:24
mountComponent @ loader.r.rjsBundle.9d3772e….6.js:26
mountChildren @ loader.r.rjsBundle.9d3772e….6.js:25
_createContentMarkup @ loader.r.rjsBundle.9d3772e….6.js:24
mountComponent @ loader.r.rjsBundle.9d3772e….6.js:24
mountComponent @ loader.r.rjsBundle.9d3772e….6.js:26
performInitialMount @ loader.r.rjsBundle.9d3772e….6.js:24
mountComponent @ loader.r.rjsBundle.9d3772e….6.js:24
mountComponent @ loader.r.rjsBundle.9d3772e….6.js:26
performInitialMount @ loader.r.rjsBundle.9d3772e….6.js:24
mountComponent @ loader.r.rjsBundle.9d3772e….6.js:24
mountComponent @ loader.r.rjsBundle.9d3772e….6.js:26
mountChildren @ loader.r.rjsBundle.9d3772e….6.js:25
_createContentMarkup @ loader.r.rjsBundle.9d3772e….6.js:24
mountComponent @ loader.r.rjsBundle.9d3772e….6.js:24
mountComponent @ loader.r.rjsBundle.9d3772e….6.js:26
performInitialMount @ loader.r.rjsBundle.9d3772e….6.js:24
mountComponent @ loader.r.rjsBundle.9d3772e….6.js:24
mountComponent @ loader.r.rjsBundle.9d3772e….6.js:26
performInitialMount @ loader.r.rjsBundle.9d3772e….6.js:24
mountComponent @ loader.r.rjsBundle.9d3772e….6.js:24
mountComponent @ loader.r.rjsBundle.9d3772e….6.js:26
performInitialMount @ loader.r.rjsBundle.9d3772e….6.js:24
mountComponent @ loader.r.rjsBundle.9d3772e….6.js:24
mountComponent @ loader.r.rjsBundle.9d3772e….6.js:26
performInitialMount @ loader.r.rjsBundle.9d3772e….6.js:24
mountComponent @ loader.r.rjsBundle.9d3772e….6.js:24
mountComponent @ loader.r.rjsBundle.9d3772e….6.js:26
performInitialMount @ loader.r.rjsBundle.9d3772e….6.js:24
mountComponent @ loader.r.rjsBundle.9d3772e….6.js:24
mountComponent @ loader.r.rjsBundle.9d3772e….6.js:26
performInitialMount @ loader.r.rjsBundle.9d3772e….6.js:24
mountComponent @ loader.r.rjsBundle.9d3772e….6.js:24
mountComponent @ loader.r.rjsBundle.9d3772e….6.js:26
performInitialMount @ loader.r.rjsBundle.9d3772e….6.js:24
mountComponent @ loader.r.rjsBundle.9d3772e….6.js:24
mountComponent @ loader.r.rjsBundle.9d3772e….6.js:26
mountChildren @ loader.r.rjsBundle.9d3772e….6.js:25
_createContentMarkup @ loader.r.rjsBundle.9d3772e….6.js:24
mountComponent @ loader.r.rjsBundle.9d3772e….6.js:24
mountComponent @ loader.r.rjsBundle.9d3772e….6.js:26
performInitialMount @ loader.r.rjsBundle.9d3772e….6.js:24
mountComponent @ loader.r.rjsBundle.9d3772e….6.js:24
VM5449:2 POST https://www.coursera.org/api/onDemandPeerAuthoredReviews.v1 400 ()
(anonymous) @ VM5449:2
send @ loader.r.rjsBundle.9d3772e….6.js:18
ajax @ loader.r.rjsBundle.9d3772e….6.js:18
invoke @ startApp.sub.rjsBundle.c1ce735….6.js:219
t.post @ startApp.sub.rjsBundle.c1ce735….6.js:219
exports.createReview @ PeerItemReviewNext.sub.rjsBundle.26bade7….6.js:8
exports.submit @ PeerItemReviewNext.sub.rjsBundle.26bade7….6.js:19
executeActionInternal @ startApp.sub.rjsBundle.c1ce735….6.js:646
(anonymous) @ startApp.sub.rjsBundle.c1ce735….6.js:646
(anonymous) @ startApp.sub.rjsBundle.c1ce735….6.js:639
runIfPresent @ startApp.sub.rjsBundle.c1ce735….6.js:639
a @ startApp.sub.rjsBundle.c1ce735….6.js:639
preloader.r.rjsBundle.fb94bb5….6.js:2 {"stack":"TypeError: Cannot read property '15550edc-65e2-498b-9aa7-ada1fc8dccab' of undefined\n    at https://d3njjcbhbojbot.cloudfront.net/web/md5/bundles/ondemand/startApp.sub.rjsBundle.c1ce7352917d5d041ffba53b9b64df09.6.js:675:2318\n    at Array.map (native)\n    at FormParts.render (https://d3njjcbhbojbot.cloudfront.net/web/md5/bundles/ondemand/startApp.sub.rjsBundle.c1ce7352917d5d041ffba53b9b64df09.6.js:675:2260)\n    at n._renderValidatedComponentWithoutOwnerOrContext (https://d3njjcbhbojbot.cloudfront.net/web/md5/js/app/loader.r.rjsBundle.9d3772ec214ba49e4af7cbe37d8ea105.6.js:24:21232)\n    at n._renderValidatedComponent (https://d3njjcbhbojbot.cloudfront.net/web/md5/js/app/loader.r.rjsBundle.9d3772ec214ba49e4af7cbe37d8ea105.6.js:24:21368)\n    at n._updateRenderedComponent (https://d3njjcbhbojbot.cloudfront.net/web/md5/js/app/loader.r.rjsBundle.9d3772ec214ba49e4af7cbe37d8ea105.6.js:24:20668)\n    at n._performComponentUpdate (https://d3njjcbhbojbot.cloudfront.net/web/md5/js/app/loader.r.rjsBundle.9d3772ec214ba49e4af7cbe37d8ea105.6.js:24:20469)\n    at n.updateComponent (https://d3njjcbhbojbot.cloudfront.net/web/md5/js/app/loader.r.rjsBundle.9d3772ec214ba49e4af7cbe37d8ea105.6.js:24:19747)\n    at n.receiveComponent (https://d3njjcbhbojbot.cloudfront.net/web/md5/js/app/loader.r.rjsBundle.9d3772ec214ba49e4af7cbe37d8ea105.6.js:24:18858)\n    at Object.receiveComponent (https://d3njjcbhbojbot.cloudfront.net/web/md5/js/app/loader.r.rjsBundle.9d3772ec214ba49e4af7cbe37d8ea105.6.js:26:7696)","message":"Cannot read property '15550edc-65e2-498b-9aa7-ada1fc8dccab' of undefined"}
n.error @ preloader.r.rjsBundle.fb94bb5….6.js:2
logClientSideError @ preloader.r.rjsBundle.fb94bb5….6.js:5
startApp.sub.rjsBundle.c1ce735….6.js:675 Uncaught TypeError: Cannot read property '15550edc-65e2-498b-9aa7-ada1fc8dccab' of undefined
    at https://d3njjcbhbojbot.cloudfront.net/web/md5/bundles/ondemand/startApp.sub.rjsBundle.c1ce7352917d5d041ffba53b9b64df09.6.js:675:2318
    at Array.map (native)
    at FormParts.render (https://d3njjcbhbojbot.cloudfront.net/web/md5/bundles/ondemand/startApp.sub.rjsBundle.c1ce7352917d5d041ffba53b9b64df09.6.js:675:2260)
    at n._renderValidatedComponentWithoutOwnerOrContext (https://d3njjcbhbojbot.cloudfront.net/web/md5/js/app/loader.r.rjsBundle.9d3772ec214ba49e4af7cbe37d8ea105.6.js:24:21232)
    at n._renderValidatedComponent (https://d3njjcbhbojbot.cloudfront.net/web/md5/js/app/loader.r.rjsBundle.9d3772ec214ba49e4af7cbe37d8ea105.6.js:24:21368)
    at n._updateRenderedComponent (https://d3njjcbhbojbot.cloudfront.net/web/md5/js/app/loader.r.rjsBundle.9d3772ec214ba49e4af7cbe37d8ea105.6.js:24:20668)
    at n._performComponentUpdate (https://d3njjcbhbojbot.cloudfront.net/web/md5/js/app/loader.r.rjsBundle.9d3772ec214ba49e4af7cbe37d8ea105.6.js:24:20469)
    at n.updateComponent (https://d3njjcbhbojbot.cloudfront.net/web/md5/js/app/loader.r.rjsBundle.9d3772ec214ba49e4af7cbe37d8ea105.6.js:24:19747)
    at n.receiveComponent (https://d3njjcbhbojbot.cloudfront.net/web/md5/js/app/loader.r.rjsBundle.9d3772ec214ba49e4af7cbe37d8ea105.6.js:24:18858)
    at Object.receiveComponent (https://d3njjcbhbojbot.cloudfront.net/web/md5/js/app/loader.r.rjsBundle.9d3772ec214ba49e4af7cbe37d8ea105.6.js:26:7696)
(anonymous) @ startApp.sub.rjsBundle.c1ce735….6.js:675
render @ startApp.sub.rjsBundle.c1ce735….6.js:675
_renderValidatedComponentWithoutOwnerOrContext @ loader.r.rjsBundle.9d3772e….6.js:24
_renderValidatedComponent @ loader.r.rjsBundle.9d3772e….6.js:24
_updateRenderedComponent @ loader.r.rjsBundle.9d3772e….6.js:24
_performComponentUpdate @ loader.r.rjsBundle.9d3772e….6.js:24
updateComponent @ loader.r.rjsBundle.9d3772e….6.js:24
receiveComponent @ loader.r.rjsBundle.9d3772e….6.js:24
receiveComponent @ loader.r.rjsBundle.9d3772e….6.js:26
updateChildren @ loader.r.rjsBundle.9d3772e….6.js:24
_reconcilerUpdateChildren @ loader.r.rjsBundle.9d3772e….6.js:25
_updateChildren @ loader.r.rjsBundle.9d3772e….6.js:25
updateChildren @ loader.r.rjsBundle.9d3772e….6.js:25
_updateDOMChildren @ loader.r.rjsBundle.9d3772e….6.js:25
updateComponent @ loader.r.rjsBundle.9d3772e….6.js:24
receiveComponent @ loader.r.rjsBundle.9d3772e….6.js:24
receiveComponent @ loader.r.rjsBundle.9d3772e….6.js:26
updateChildren @ loader.r.rjsBundle.9d3772e….6.js:24
_reconcilerUpdateChildren @ loader.r.rjsBundle.9d3772e….6.js:25
_updateChildren @ loader.r.rjsBundle.9d3772e….6.js:25
updateChildren @ loader.r.rjsBundle.9d3772e….6.js:25
_updateDOMChildren @ loader.r.rjsBundle.9d3772e….6.js:25
updateComponent @ loader.r.rjsBundle.9d3772e….6.js:24
receiveComponent @ loader.r.rjsBundle.9d3772e….6.js:24
receiveComponent @ loader.r.rjsBundle.9d3772e….6.js:26
_updateRenderedComponent @ loader.r.rjsBundle.9d3772e….6.js:24
_performComponentUpdate @ loader.r.rjsBundle.9d3772e….6.js:24
updateComponent @ loader.r.rjsBundle.9d3772e….6.js:24
receiveComponent @ loader.r.rjsBundle.9d3772e….6.js:24
receiveComponent @ loader.r.rjsBundle.9d3772e….6.js:26
updateChildren @ loader.r.rjsBundle.9d3772e….6.js:24
_reconcilerUpdateChildren @ loader.r.rjsBundle.9d3772e….6.js:25
_updateChildren @ loader.r.rjsBundle.9d3772e….6.js:25
updateChildren @ loader.r.rjsBundle.9d3772e….6.js:25
_updateDOMChildren @ loader.r.rjsBundle.9d3772e….6.js:25
updateComponent @ loader.r.rjsBundle.9d3772e….6.js:24
receiveComponent @ loader.r.rjsBundle.9d3772e….6.js:24
receiveComponent @ loader.r.rjsBundle.9d3772e….6.js:26
_updateRenderedComponent @ loader.r.rjsBundle.9d3772e….6.js:24
_performComponentUpdate @ loader.r.rjsBundle.9d3772e….6.js:24
updateComponent @ loader.r.rjsBundle.9d3772e….6.js:24
receiveComponent @ loader.r.rjsBundle.9d3772e….6.js:24
receiveComponent @ loader.r.rjsBundle.9d3772e….6.js:26
_updateRenderedComponent @ loader.r.rjsBundle.9d3772e….6.js:24
_performComponentUpdate @ loader.r.rjsBundle.9d3772e….6.js:24
updateComponent @ loader.r.rjsBundle.9d3772e….6.js:24
receiveComponent @ loader.r.rjsBundle.9d3772e….6.js:24
receiveComponent @ loader.r.rjsBundle.9d3772e….6.js:26
_updateRenderedComponent @ loader.r.rjsBundle.9d3772e….6.js:24
_performComponentUpdate @ loader.r.rjsBundle.9d3772e….6.js:24
updateComponent @ loader.r.rjsBundle.9d3772e….6.js:24
performUpdateIfNecessary @ loader.r.rjsBundle.9d3772e….6.js:24
performUpdateIfNecessary @ loader.r.rjsBundle.9d3772e….6.js:26
s @ loader.r.rjsBundle.9d3772e….6.js:26
perform @ loader.r.rjsBundle.9d3772e….6.js:27
perform @ loader.r.rjsBundle.9d3772e….6.js:27
perform @ loader.r.rjsBundle.9d3772e….6.js:26
v @ loader.r.rjsBundle.9d3772e….6.js:26
closeAll @ loader.r.rjsBundle.9d3772e….6.js:27
perform @ loader.r.rjsBundle.9d3772e….6.js:27
batchedUpdates @ loader.r.rjsBundle.9d3772e….6.js:25
i @ loader.r.rjsBundle.9d3772e….6.js:26
n.dispatch @ startApp.sub.rjsBundle.c1ce735….6.js:736
(anonymous) @ PeerItemReviewNext.sub.rjsBundle.26bade7….6.js:19
_rejected @ loader.r.rjsBundle.9d3772e….6.js:22
(anonymous) @ loader.r.rjsBundle.9d3772e….6.js:22
when @ loader.r.rjsBundle.9d3772e….6.js:22
Promise.t.promiseDispatch @ loader.r.rjsBundle.9d3772e….6.js:22
(anonymous) @ loader.r.rjsBundle.9d3772e….6.js:22
flush @ loader.r.rjsBundle.9d3772e….6.js:22
preloader.r.rjsBundle.fb94bb5….6.js:2 {"stack":"TypeError: Cannot read property '15550edc-65e2-498b-9aa7-ada1fc8dccab' of undefined\n    at https://d3njjcbhbojbot.cloudfront.net/web/md5/bundles/ondemand/startApp.sub.rjsBundle.c1ce7352917d5d041ffba53b9b64df09.6.js:675:2318\n    at Array.map (native)\n    at FormParts.render (https://d3njjcbhbojbot.cloudfront.net/web/md5/bundles/ondemand/startApp.sub.rjsBundle.c1ce7352917d5d041ffba53b9b64df09.6.js:675:2260)\n    at n._renderValidatedComponentWithoutOwnerOrContext (https://d3njjcbhbojbot.cloudfront.net/web/md5/js/app/loader.r.rjsBundle.9d3772ec214ba49e4af7cbe37d8ea105.6.js:24:21232)\n    at n._renderValidatedComponent (https://d3njjcbhbojbot.cloudfront.net/web/md5/js/app/loader.r.rjsBundle.9d3772ec214ba49e4af7cbe37d8ea105.6.js:24:21368)\n    at n._updateRenderedComponent (https://d3njjcbhbojbot.cloudfront.net/web/md5/js/app/loader.r.rjsBundle.9d3772ec214ba49e4af7cbe37d8ea105.6.js:24:20668)\n    at n._performComponentUpdate (https://d3njjcbhbojbot.cloudfront.net/web/md5/js/app/loader.r.rjsBundle.9d3772ec214ba49e4af7cbe37d8ea105.6.js:24:20469)\n    at n.updateComponent (https://d3njjcbhbojbot.cloudfront.net/web/md5/js/app/loader.r.rjsBundle.9d3772ec214ba49e4af7cbe37d8ea105.6.js:24:19747)\n    at n.receiveComponent (https://d3njjcbhbojbot.cloudfront.net/web/md5/js/app/loader.r.rjsBundle.9d3772ec214ba49e4af7cbe37d8ea105.6.js:24:18858)\n    at Object.receiveComponent (https://d3njjcbhbojbot.cloudfront.net/web/md5/js/app/loader.r.rjsBundle.9d3772ec214ba49e4af7cbe37d8ea105.6.js:26:7696)","message":"Cannot read property '15550edc-65e2-498b-9aa7-ada1fc8dccab' of undefined"}
n.error @ preloader.r.rjsBundle.fb94bb5….6.js:2
logClientSideError @ preloader.r.rjsBundle.fb94bb5….6.js:5
loader.r.rjsBundle.9d3772e….6.js:22 Uncaught TypeError: Cannot read property '15550edc-65e2-498b-9aa7-ada1fc8dccab' of undefined
    at https://d3njjcbhbojbot.cloudfront.net/web/md5/bundles/ondemand/startApp.sub.rjsBundle.c1ce7352917d5d041ffba53b9b64df09.6.js:675:2318
    at Array.map (native)
    at FormParts.render (https://d3njjcbhbojbot.cloudfront.net/web/md5/bundles/ondemand/startApp.sub.rjsBundle.c1ce7352917d5d041ffba53b9b64df09.6.js:675:2260)
    at n._renderValidatedComponentWithoutOwnerOrContext (https://d3njjcbhbojbot.cloudfront.net/web/md5/js/app/loader.r.rjsBundle.9d3772ec214ba49e4af7cbe37d8ea105.6.js:24:21232)
    at n._renderValidatedComponent (https://d3njjcbhbojbot.cloudfront.net/web/md5/js/app/loader.r.rjsBundle.9d3772ec214ba49e4af7cbe37d8ea105.6.js:24:21368)
    at n._updateRenderedComponent (https://d3njjcbhbojbot.cloudfront.net/web/md5/js/app/loader.r.rjsBundle.9d3772ec214ba49e4af7cbe37d8ea105.6.js:24:20668)
    at n._performComponentUpdate (https://d3njjcbhbojbot.cloudfront.net/web/md5/js/app/loader.r.rjsBundle.9d3772ec214ba49e4af7cbe37d8ea105.6.js:24:20469)
    at n.updateComponent (https://d3njjcbhbojbot.cloudfront.net/web/md5/js/app/loader.r.rjsBundle.9d3772ec214ba49e4af7cbe37d8ea105.6.js:24:19747)
    at n.receiveComponent (https://d3njjcbhbojbot.cloudfront.net/web/md5/js/app/loader.r.rjsBundle.9d3772ec214ba49e4af7cbe37d8ea105.6.js:24:18858)
    at Object.receiveComponent (https://d3njjcbhbojbot.cloudfront.net/web/md5/js/app/loader.r.rjsBundle.9d3772ec214ba49e4af7cbe37d8ea105.6.js:26:7696)
(anonymous) @ startApp.sub.rjsBundle.c1ce735….6.js:675
render @ startApp.sub.rjsBundle.c1ce735….6.js:675
_renderValidatedComponentWithoutOwnerOrContext @ loader.r.rjsBundle.9d3772e….6.js:24
_renderValidatedComponent @ loader.r.rjsBundle.9d3772e….6.js:24
_updateRenderedComponent @ loader.r.rjsBundle.9d3772e….6.js:24
_performComponentUpdate @ loader.r.rjsBundle.9d3772e….6.js:24
updateComponent @ loader.r.rjsBundle.9d3772e….6.js:24
receiveComponent @ loader.r.rjsBundle.9d3772e….6.js:24
receiveComponent @ loader.r.rjsBundle.9d3772e….6.js:26
updateChildren @ loader.r.rjsBundle.9d3772e….6.js:24
_reconcilerUpdateChildren @ loader.r.rjsBundle.9d3772e….6.js:25
_updateChildren @ loader.r.rjsBundle.9d3772e….6.js:25
updateChildren @ loader.r.rjsBundle.9d3772e….6.js:25
_updateDOMChildren @ loader.r.rjsBundle.9d3772e….6.js:25
updateComponent @ loader.r.rjsBundle.9d3772e….6.js:24
receiveComponent @ loader.r.rjsBundle.9d3772e….6.js:24
receiveComponent @ loader.r.rjsBundle.9d3772e….6.js:26
updateChildren @ loader.r.rjsBundle.9d3772e….6.js:24
_reconcilerUpdateChildren @ loader.r.rjsBundle.9d3772e….6.js:25
_updateChildren @ loader.r.rjsBundle.9d3772e….6.js:25
updateChildren @ loader.r.rjsBundle.9d3772e….6.js:25
_updateDOMChildren @ loader.r.rjsBundle.9d3772e….6.js:25
updateComponent @ loader.r.rjsBundle.9d3772e….6.js:24
receiveComponent @ loader.r.rjsBundle.9d3772e….6.js:24
receiveComponent @ loader.r.rjsBundle.9d3772e….6.js:26
_updateRenderedComponent @ loader.r.rjsBundle.9d3772e….6.js:24
_performComponentUpdate @ loader.r.rjsBundle.9d3772e….6.js:24
updateComponent @ loader.r.rjsBundle.9d3772e….6.js:24
receiveComponent @ loader.r.rjsBundle.9d3772e….6.js:24
receiveComponent @ loader.r.rjsBundle.9d3772e….6.js:26
updateChildren @ loader.r.rjsBundle.9d3772e….6.js:24
_reconcilerUpdateChildren @ loader.r.rjsBundle.9d3772e….6.js:25
_updateChildren @ loader.r.rjsBundle.9d3772e….6.js:25
updateChildren @ loader.r.rjsBundle.9d3772e….6.js:25
_updateDOMChildren @ loader.r.rjsBundle.9d3772e….6.js:25
updateComponent @ loader.r.rjsBundle.9d3772e….6.js:24
receiveComponent @ loader.r.rjsBundle.9d3772e….6.js:24
receiveComponent @ loader.r.rjsBundle.9d3772e….6.js:26
_updateRenderedComponent @ loader.r.rjsBundle.9d3772e….6.js:24
_performComponentUpdate @ loader.r.rjsBundle.9d3772e….6.js:24
updateComponent @ loader.r.rjsBundle.9d3772e….6.js:24
receiveComponent @ loader.r.rjsBundle.9d3772e….6.js:24
receiveComponent @ loader.r.rjsBundle.9d3772e….6.js:26
_updateRenderedComponent @ loader.r.rjsBundle.9d3772e….6.js:24
_performComponentUpdate @ loader.r.rjsBundle.9d3772e….6.js:24
updateComponent @ loader.r.rjsBundle.9d3772e….6.js:24
receiveComponent @ loader.r.rjsBundle.9d3772e….6.js:24
receiveComponent @ loader.r.rjsBundle.9d3772e….6.js:26
_updateRenderedComponent @ loader.r.rjsBundle.9d3772e….6.js:24
_performComponentUpdate @ loader.r.rjsBundle.9d3772e….6.js:24
updateComponent @ loader.r.rjsBundle.9d3772e….6.js:24
performUpdateIfNecessary @ loader.r.rjsBundle.9d3772e….6.js:24
performUpdateIfNecessary @ loader.r.rjsBundle.9d3772e….6.js:26
s @ loader.r.rjsBundle.9d3772e….6.js:26
perform @ loader.r.rjsBundle.9d3772e….6.js:27
perform @ loader.r.rjsBundle.9d3772e….6.js:27
perform @ loader.r.rjsBundle.9d3772e….6.js:26
v @ loader.r.rjsBundle.9d3772e….6.js:26
closeAll @ loader.r.rjsBundle.9d3772e….6.js:27
perform @ loader.r.rjsBundle.9d3772e….6.js:27
batchedUpdates @ loader.r.rjsBundle.9d3772e….6.js:25
i @ loader.r.rjsBundle.9d3772e….6.js:26
n.dispatch @ startApp.sub.rjsBundle.c1ce735….6.js:736
(anonymous) @ PeerItemReviewNext.sub.rjsBundle.26bade7….6.js:19
_rejected @ loader.r.rjsBundle.9d3772e….6.js:22
(anonymous) @ loader.r.rjsBundle.9d3772e….6.js:22
when @ loader.r.rjsBundle.9d3772e….6.js:22
Promise.t.promiseDispatch @ loader.r.rjsBundle.9d3772e….6.js:22
(anonymous) @ loader.r.rjsBundle.9d3772e….6.js:22
flush @ loader.r.rjsBundle.9d3772e….6.js:22
preloader.r.rjsBundle.fb94bb5….6.js:2 {"stack":"TypeError: Cannot read property '15550edc-65e2-498b-9aa7-ada1fc8dccab' of undefined\n    at https://d3njjcbhbojbot.cloudfront.net/web/md5/bundles/ondemand/startApp.sub.rjsBundle.c1ce7352917d5d041ffba53b9b64df09.6.js:675:2318\n    at Array.map (native)\n    at FormParts.render (https://d3njjcbhbojbot.cloudfront.net/web/md5/bundles/ondemand/startApp.sub.rjsBundle.c1ce7352917d5d041ffba53b9b64df09.6.js:675:2260)\n    at n._renderValidatedComponentWithoutOwnerOrContext (https://d3njjcbhbojbot.cloudfront.net/web/md5/js/app/loader.r.rjsBundle.9d3772ec214ba49e4af7cbe37d8ea105.6.js:24:21232)\n    at n._renderValidatedComponent (https://d3njjcbhbojbot.cloudfront.net/web/md5/js/app/loader.r.rjsBundle.9d3772ec214ba49e4af7cbe37d8ea105.6.js:24:21368)\n    at n._updateRenderedComponent (https://d3njjcbhbojbot.cloudfront.net/web/md5/js/app/loader.r.rjsBundle.9d3772ec214ba49e4af7cbe37d8ea105.6.js:24:20668)\n    at n._performComponentUpdate (https://d3njjcbhbojbot.cloudfront.net/web/md5/js/app/loader.r.rjsBundle.9d3772ec214ba49e4af7cbe37d8ea105.6.js:24:20469)\n    at n.updateComponent (https://d3njjcbhbojbot.cloudfront.net/web/md5/js/app/loader.r.rjsBundle.9d3772ec214ba49e4af7cbe37d8ea105.6.js:24:19747)\n    at n.receiveComponent (https://d3njjcbhbojbot.cloudfront.net/web/md5/js/app/loader.r.rjsBundle.9d3772ec214ba49e4af7cbe37d8ea105.6.js:24:18858)\n    at Object.receiveComponent (https://d3njjcbhbojbot.cloudfront.net/web/md5/js/app/loader.r.rjsBundle.9d3772ec214ba49e4af7cbe37d8ea105.6.js:26:7696)","message":"Cannot read property '15550edc-65e2-498b-9aa7-ada1fc8dccab' of undefined"}
n.error @ preloader.r.rjsBundle.fb94bb5….6.js:2
logClientSideError @ preloader.r.rjsBundle.fb94bb5….6.js:5
loader.r.rjsBundle.9d3772e….6.js:22 Uncaught TypeError: Cannot read property '15550edc-65e2-498b-9aa7-ada1fc8dccab' of undefined
    at https://d3njjcbhbojbot.cloudfront.net/web/md5/bundles/ondemand/startApp.sub.rjsBundle.c1ce7352917d5d041ffba53b9b64df09.6.js:675:2318
    at Array.map (native)
    at FormParts.render (https://d3njjcbhbojbot.cloudfront.net/web/md5/bundles/ondemand/startApp.sub.rjsBundle.c1ce7352917d5d041ffba53b9b64df09.6.js:675:2260)
    at n._renderValidatedComponentWithoutOwnerOrContext (https://d3njjcbhbojbot.cloudfront.net/web/md5/js/app/loader.r.rjsBundle.9d3772ec214ba49e4af7cbe37d8ea105.6.js:24:21232)
    at n._renderValidatedComponent (https://d3njjcbhbojbot.cloudfront.net/web/md5/js/app/loader.r.rjsBundle.9d3772ec214ba49e4af7cbe37d8ea105.6.js:24:21368)
    at n._updateRenderedComponent (https://d3njjcbhbojbot.cloudfront.net/web/md5/js/app/loader.r.rjsBundle.9d3772ec214ba49e4af7cbe37d8ea105.6.js:24:20668)
    at n._performComponentUpdate (https://d3njjcbhbojbot.cloudfront.net/web/md5/js/app/loader.r.rjsBundle.9d3772ec214ba49e4af7cbe37d8ea105.6.js:24:20469)
    at n.updateComponent (https://d3njjcbhbojbot.cloudfront.net/web/md5/js/app/loader.r.rjsBundle.9d3772ec214ba49e4af7cbe37d8ea105.6.js:24:19747)
    at n.receiveComponent (https://d3njjcbhbojbot.cloudfront.net/web/md5/js/app/loader.r.rjsBundle.9d3772ec214ba49e4af7cbe37d8ea105.6.js:24:18858)
    at Object.receiveComponent (https://d3njjcbhbojbot.cloudfront.net/web/md5/js/app/loader.r.rjsBundle.9d3772ec214ba49e4af7cbe37d8ea105.6.js:26:7696)
(anonymous) @ startApp.sub.rjsBundle.c1ce735….6.js:675
render @ startApp.sub.rjsBundle.c1ce735….6.js:675
_renderValidatedComponentWithoutOwnerOrContext @ loader.r.rjsBundle.9d3772e….6.js:24
_renderValidatedComponent @ loader.r.rjsBundle.9d3772e….6.js:24
_updateRenderedComponent @ loader.r.rjsBundle.9d3772e….6.js:24
_performComponentUpdate @ loader.r.rjsBundle.9d3772e….6.js:24
updateComponent @ loader.r.rjsBundle.9d3772e….6.js:24
receiveComponent @ loader.r.rjsBundle.9d3772e….6.js:24
receiveComponent @ loader.r.rjsBundle.9d3772e….6.js:26
updateChildren @ loader.r.rjsBundle.9d3772e….6.js:24
_reconcilerUpdateChildren @ loader.r.rjsBundle.9d3772e….6.js:25
_updateChildren @ loader.r.rjsBundle.9d3772e….6.js:25
updateChildren @ loader.r.rjsBundle.9d3772e….6.js:25
_updateDOMChildren @ loader.r.rjsBundle.9d3772e….6.js:25
updateComponent @ loader.r.rjsBundle.9d3772e….6.js:24
receiveComponent @ loader.r.rjsBundle.9d3772e….6.js:24
receiveComponent @ loader.r.rjsBundle.9d3772e….6.js:26
updateChildren @ loader.r.rjsBundle.9d3772e….6.js:24
_reconcilerUpdateChildren @ loader.r.rjsBundle.9d3772e….6.js:25
_updateChildren @ loader.r.rjsBundle.9d3772e….6.js:25
updateChildren @ loader.r.rjsBundle.9d3772e….6.js:25
_updateDOMChildren @ loader.r.rjsBundle.9d3772e….6.js:25
updateComponent @ loader.r.rjsBundle.9d3772e….6.js:24
receiveComponent @ loader.r.rjsBundle.9d3772e….6.js:24
receiveComponent @ loader.r.rjsBundle.9d3772e….6.js:26
_updateRenderedComponent @ loader.r.rjsBundle.9d3772e….6.js:24
_performComponentUpdate @ loader.r.rjsBundle.9d3772e….6.js:24
updateComponent @ loader.r.rjsBundle.9d3772e….6.js:24
receiveComponent @ loader.r.rjsBundle.9d3772e….6.js:24
receiveComponent @ loader.r.rjsBundle.9d3772e….6.js:26
updateChildren @ loader.r.rjsBundle.9d3772e….6.js:24
_reconcilerUpdateChildren @ loader.r.rjsBundle.9d3772e….6.js:25
_updateChildren @ loader.r.rjsBundle.9d3772e….6.js:25
updateChildren @ loader.r.rjsBundle.9d3772e….6.js:25
_updateDOMChildren @ loader.r.rjsBundle.9d3772e….6.js:25
updateComponent @ loader.r.rjsBundle.9d3772e….6.js:24
receiveComponent @ loader.r.rjsBundle.9d3772e….6.js:24
receiveComponent @ loader.r.rjsBundle.9d3772e….6.js:26
_updateRenderedComponent @ loader.r.rjsBundle.9d3772e….6.js:24
_performComponentUpdate @ loader.r.rjsBundle.9d3772e….6.js:24
updateComponent @ loader.r.rjsBundle.9d3772e….6.js:24
receiveComponent @ loader.r.rjsBundle.9d3772e….6.js:24
receiveComponent @ loader.r.rjsBundle.9d3772e….6.js:26
_updateRenderedComponent @ loader.r.rjsBundle.9d3772e….6.js:24
_performComponentUpdate @ loader.r.rjsBundle.9d3772e….6.js:24
updateComponent @ loader.r.rjsBundle.9d3772e….6.js:24
receiveComponent @ loader.r.rjsBundle.9d3772e….6.js:24
receiveComponent @ loader.r.rjsBundle.9d3772e….6.js:26
_updateRenderedComponent @ loader.r.rjsBundle.9d3772e….6.js:24
_performComponentUpdate @ loader.r.rjsBundle.9d3772e….6.js:24
updateComponent @ loader.r.rjsBundle.9d3772e….6.js:24
performUpdateIfNecessary @ loader.r.rjsBundle.9d3772e….6.js:24
performUpdateIfNecessary @ loader.r.rjsBundle.9d3772e….6.js:26
s @ loader.r.rjsBundle.9d3772e….6.js:26
perform @ loader.r.rjsBundle.9d3772e….6.js:27
perform @ loader.r.rjsBundle.9d3772e….6.js:27
perform @ loader.r.rjsBundle.9d3772e….6.js:26
v @ loader.r.rjsBundle.9d3772e….6.js:26
closeAll @ loader.r.rjsBundle.9d3772e….6.js:27
perform @ loader.r.rjsBundle.9d3772e….6.js:27
batchedUpdates @ loader.r.rjsBundle.9d3772e….6.js:25
i @ loader.r.rjsBundle.9d3772e….6.js:26
n.dispatch @ startApp.sub.rjsBundle.c1ce735….6.js:736
(anonymous) @ PeerItemReviewNext.sub.rjsBundle.26bade7….6.js:19
_rejected @ loader.r.rjsBundle.9d3772e….6.js:22
(anonymous) @ loader.r.rjsBundle.9d3772e….6.js:22
when @ loader.r.rjsBundle.9d3772e….6.js:22
Promise.t.promiseDispatch @ loader.r.rjsBundle.9d3772e….6.js:22
(anonymous) @ loader.r.rjsBundle.9d3772e….6.js:22
flush @ loader.r.rjsBundle.9d3772e….6.js:22
